2024-08-26 12:16:24,135 [Worker-8: Loading available Gradle versions] INFO  o.e.b.c.i.u.g.PublishedGradleVersions - Gradle version information cache is up-to-date. Trying to read.
2024-08-26 12:17:08,658 [Worker-10: Importing Maven projects] INFO  o.e.m.c.i.l.LifecycleMappingFactory - Using org.eclipse.m2e.jdt.JarLifecycleMapping lifecycle mapping for MavenProject: com.app:Notes-Vault:0.0.1-SNAPSHOT @ F:\1_Notes_project\Project_26_8_2024\Notes-Vault-main\Backend\Notes-Vault\pom.xml.
2024-08-26 12:17:19,086 [Worker-10: Importing Maven projects] INFO  o.e.m.j.i.AbstractJavaProjectConfigurator - Adding source folder /Notes-Vault/src/main/java
2024-08-26 12:17:19,087 [Worker-10: Importing Maven projects] INFO  o.e.m.j.i.AbstractJavaProjectConfigurator - Adding resource folder /Notes-Vault/src/main/resources
2024-08-26 12:17:19,097 [Worker-10: Importing Maven projects] INFO  o.e.m.j.i.AbstractJavaProjectConfigurator - Adding resource folder /Notes-Vault/src/main/resources
2024-08-26 12:17:19,115 [Worker-10: Importing Maven projects] INFO  o.e.m.j.i.AbstractJavaProjectConfigurator - Adding source folder /Notes-Vault/src/test/java
2024-08-26 12:17:19,116 [Worker-10: Importing Maven projects] INFO  o.e.m.j.i.AbstractJavaProjectConfigurator - Adding resource folder /Notes-Vault/src/test/resources
2024-08-26 12:17:19,120 [Worker-10: Importing Maven projects] ERROR o.e.m.j.i.AbstractJavaProjectConfigurator - Failed to find a compatible VM for environment id 'JavaSE-21', falling back to workspace default
2024-08-26 12:17:35,585 [Worker-10: Importing Maven projects] INFO  o.e.m.c.i.p.ProjectConfigurationManager - Imported and configured 1 project(s) in 33 sec
2024-08-26 12:17:35,668 [Worker-0: Updating Maven Project] INFO  o.e.m.c.i.p.ProjectConfigurationManager - Update started
2024-08-26 12:17:36,652 [Worker-0: Updating Maven Project] INFO  o.e.m.c.i.l.LifecycleMappingFactory - Using org.eclipse.m2e.jdt.JarLifecycleMapping lifecycle mapping for MavenProject: com.app:Notes-Vault:0.0.1-SNAPSHOT @ F:\1_Notes_project\Project_26_8_2024\Notes-Vault-main\Backend\Notes-Vault\pom.xml.
2024-08-26 12:17:38,100 [Worker-0: Updating Maven Project] INFO  o.e.m.j.i.AbstractJavaProjectConfigurator - Adding source folder /Notes-Vault/src/main/java
2024-08-26 12:17:38,100 [Worker-0: Updating Maven Project] INFO  o.e.m.j.i.AbstractJavaProjectConfigurator - Adding resource folder /Notes-Vault/src/main/resources
2024-08-26 12:17:38,101 [Worker-0: Updating Maven Project] INFO  o.e.m.j.i.AbstractJavaProjectConfigurator - Adding resource folder /Notes-Vault/src/main/resources
2024-08-26 12:17:38,102 [Worker-0: Updating Maven Project] INFO  o.e.m.j.i.AbstractJavaProjectConfigurator - Adding source folder /Notes-Vault/src/test/java
2024-08-26 12:17:38,102 [Worker-0: Updating Maven Project] INFO  o.e.m.j.i.AbstractJavaProjectConfigurator - Adding resource folder /Notes-Vault/src/test/resources
2024-08-26 12:17:38,102 [Worker-0: Updating Maven Project] ERROR o.e.m.j.i.AbstractJavaProjectConfigurator - Failed to find a compatible VM for environment id 'JavaSE-21', falling back to workspace default
2024-08-26 12:17:38,895 [Worker-0: Updating Maven Project] INFO  o.e.m.c.i.p.ProjectConfigurationManager - Update completed for 1 poms: local refresh takes 0.00 sec, refresh facades takes 2.00 sec, update config takes 0.00 sec 
2024-08-26 12:17:39,155 [Worker-11: Building] INFO  o.a.m.s.f.DefaultMavenResourcesFiltering - Copying 1 resource from src\main\resources to target\classes
2024-08-26 12:17:39,190 [Worker-11: Building] INFO  o.a.m.s.f.DefaultMavenResourcesFiltering - Copying 0 resource from src\main\resources to target\classes
2024-08-26 12:17:39,197 [Worker-11: Building] INFO  o.a.m.s.f.DefaultMavenResourcesFiltering - skip non existing resourceDirectory F:\1_Notes_project\Project_26_8_2024\Notes-Vault-main\Backend\Notes-Vault\src\test\resources
2024-08-26 12:19:20,432 [Worker-11: Building] INFO  o.e.m.c.i.l.LifecycleMappingFactory - Using org.eclipse.m2e.jdt.JarLifecycleMapping lifecycle mapping for MavenProject: com.app:Notes-Vault:0.0.1-SNAPSHOT @ F:\1_Notes_project\Project_26_8_2024\Notes-Vault-main\Backend\Notes-Vault\pom.xml.
2024-08-26 12:19:21,612 [Worker-11: Building] INFO  o.a.m.s.f.DefaultMavenResourcesFiltering - Copying 0 resource from src\main\resources to target\classes
2024-08-26 12:19:21,613 [Worker-11: Building] INFO  o.a.m.s.f.DefaultMavenResourcesFiltering - Copying 0 resource from src\main\resources to target\classes
2024-08-26 12:19:21,620 [Worker-11: Building] INFO  o.a.m.s.f.DefaultMavenResourcesFiltering - skip non existing resourceDirectory F:\1_Notes_project\Project_26_8_2024\Notes-Vault-main\Backend\Notes-Vault\src\test\resources
2024-08-26 12:19:57,063 [Worker-8: Updating Maven Project] INFO  o.e.m.c.i.p.ProjectConfigurationManager - Update started
2024-08-26 12:19:57,871 [Worker-8: Updating Maven Project] INFO  o.e.m.c.i.l.LifecycleMappingFactory - Using org.eclipse.m2e.jdt.JarLifecycleMapping lifecycle mapping for MavenProject: com.app:Notes-Vault:0.0.1-SNAPSHOT @ F:\1_Notes_project\Project_26_8_2024\Notes-Vault-main\Backend\Notes-Vault\pom.xml.
2024-08-26 12:19:59,231 [Worker-8: Updating Maven Project] INFO  o.e.m.j.i.AbstractJavaProjectConfigurator - Adding source folder /Notes-Vault/src/main/java
2024-08-26 12:19:59,231 [Worker-8: Updating Maven Project] INFO  o.e.m.j.i.AbstractJavaProjectConfigurator - Adding resource folder /Notes-Vault/src/main/resources
2024-08-26 12:19:59,231 [Worker-8: Updating Maven Project] INFO  o.e.m.j.i.AbstractJavaProjectConfigurator - Adding resource folder /Notes-Vault/src/main/resources
2024-08-26 12:19:59,232 [Worker-8: Updating Maven Project] INFO  o.e.m.j.i.AbstractJavaProjectConfigurator - Adding source folder /Notes-Vault/src/test/java
2024-08-26 12:19:59,233 [Worker-8: Updating Maven Project] INFO  o.e.m.j.i.AbstractJavaProjectConfigurator - Adding resource folder /Notes-Vault/src/test/resources
2024-08-26 12:19:59,233 [Worker-8: Updating Maven Project] ERROR o.e.m.j.i.AbstractJavaProjectConfigurator - Failed to find a compatible VM for environment id 'JavaSE-21', falling back to workspace default
2024-08-26 12:19:59,802 [Worker-8: Updating Maven Project] INFO  o.e.m.c.i.p.ProjectConfigurationManager - Update completed for 1 poms: local refresh takes 0.00 sec, refresh facades takes 2.00 sec, update config takes 0.00 sec 
2024-08-26 12:20:00,133 [Worker-8: Building] INFO  o.a.m.s.f.DefaultMavenResourcesFiltering - Copying 1 resource from src\main\resources to target\classes
2024-08-26 12:20:00,156 [Worker-8: Building] INFO  o.a.m.s.f.DefaultMavenResourcesFiltering - Copying 0 resource from src\main\resources to target\classes
2024-08-26 12:20:00,163 [Worker-8: Building] INFO  o.a.m.s.f.DefaultMavenResourcesFiltering - skip non existing resourceDirectory F:\1_Notes_project\Project_26_8_2024\Notes-Vault-main\Backend\Notes-Vault\src\test\resources
2024-08-26 12:20:32,803 [Worker-14: Building] INFO  o.a.m.s.f.DefaultMavenResourcesFiltering - Copying 1 resource from src\main\resources to target\classes
2024-08-26 12:20:32,810 [Worker-14: Building] INFO  o.a.m.s.f.DefaultMavenResourcesFiltering - Copying 0 resource from src\main\resources to target\classes
2024-08-26 12:20:32,814 [Worker-14: Building] INFO  o.a.m.s.f.DefaultMavenResourcesFiltering - skip non existing resourceDirectory F:\1_Notes_project\Project_26_8_2024\Notes-Vault-main\Backend\Notes-Vault\src\test\resources
2024-08-26 12:21:04,164 [Worker-7: Building] INFO  o.a.m.s.f.DefaultMavenResourcesFiltering - Copying 0 resource from src\main\resources to target\classes
2024-08-26 12:21:04,165 [Worker-7: Building] INFO  o.a.m.s.f.DefaultMavenResourcesFiltering - Copying 0 resource from src\main\resources to target\classes
2024-08-26 12:21:04,170 [Worker-7: Building] INFO  o.a.m.s.f.DefaultMavenResourcesFiltering - Copying 0 resource from src\test\resources to target\test-classes
2024-08-26 12:23:46,348 [Worker-12: Building] INFO  o.a.m.s.f.DefaultMavenResourcesFiltering - Copying 0 resource from src\main\resources to target\classes
2024-08-26 12:23:46,349 [Worker-12: Building] INFO  o.a.m.s.f.DefaultMavenResourcesFiltering - Copying 0 resource from src\main\resources to target\classes
2024-08-26 12:23:46,354 [Worker-12: Building] INFO  o.a.m.s.f.DefaultMavenResourcesFiltering - Copying 0 resource from src\test\resources to target\test-classes
2024-08-26 12:24:02,030 [Worker-12: Updating Maven Project] INFO  o.e.m.c.i.p.ProjectConfigurationManager - Update started
2024-08-26 12:24:02,540 [Worker-12: Updating Maven Project] INFO  o.e.m.c.i.l.LifecycleMappingFactory - Using org.eclipse.m2e.jdt.JarLifecycleMapping lifecycle mapping for MavenProject: com.app:Notes-Vault:0.0.1-SNAPSHOT @ F:\1_Notes_project\Project_26_8_2024\Notes-Vault-main\Backend\Notes-Vault\pom.xml.
2024-08-26 12:24:03,426 [Worker-12: Updating Maven Project] INFO  o.e.m.j.i.AbstractJavaProjectConfigurator - Adding source folder /Notes-Vault/src/main/java
2024-08-26 12:24:03,426 [Worker-12: Updating Maven Project] INFO  o.e.m.j.i.AbstractJavaProjectConfigurator - Adding resource folder /Notes-Vault/src/main/resources
2024-08-26 12:24:03,426 [Worker-12: Updating Maven Project] INFO  o.e.m.j.i.AbstractJavaProjectConfigurator - Adding resource folder /Notes-Vault/src/main/resources
2024-08-26 12:24:03,427 [Worker-12: Updating Maven Project] INFO  o.e.m.j.i.AbstractJavaProjectConfigurator - Adding source folder /Notes-Vault/src/test/java
2024-08-26 12:24:03,427 [Worker-12: Updating Maven Project] INFO  o.e.m.j.i.AbstractJavaProjectConfigurator - Adding resource folder /Notes-Vault/src/test/resources
2024-08-26 12:24:03,999 [Worker-12: Updating Maven Project] INFO  o.e.m.c.i.p.ProjectConfigurationManager - Update completed for 1 poms: local refresh takes 0.00 sec, refresh facades takes 1.00 sec, update config takes 0.00 sec 
2024-08-26 12:24:04,610 [Worker-7: Building] INFO  o.a.m.s.f.DefaultMavenResourcesFiltering - Copying 1 resource from src\main\resources to target\classes
2024-08-26 12:24:04,646 [Worker-7: Building] INFO  o.a.m.s.f.DefaultMavenResourcesFiltering - Copying 0 resource from src\main\resources to target\classes
2024-08-26 12:24:04,654 [Worker-7: Building] INFO  o.a.m.s.f.DefaultMavenResourcesFiltering - Copying 0 resource from src\test\resources to target\test-classes
2024-08-26 12:24:11,458 [main] INFO  o.e.m2e.actions.ExecutePomAction - Creating new launch configuration
2024-08-26 12:24:15,904 [Worker-15: Launching Notes-Vault] INFO  o.eclipse.m2e.core.internal.Bundles - getClasspathEntries(Bundle=org.eclipse.m2e.maven.runtime_3.9.500.20231113-2345 [1510])
2024-08-26 12:24:15,908 [Worker-15: Launching Notes-Vault] INFO  o.eclipse.m2e.core.internal.Bundles - 	Entry: C:\java\eclipse\plugins\org.eclipse.m2e.maven.runtime_3.9.500.20231113-2345
2024-08-26 12:24:15,908 [Worker-15: Launching Notes-Vault] INFO  o.eclipse.m2e.core.internal.Bundles - 	Entry: C:\java\eclipse\plugins\org.eclipse.m2e.maven.runtime_3.9.500.20231113-2345\jars\aopalliance-1.0.jar
2024-08-26 12:24:15,908 [Worker-15: Launching Notes-Vault] INFO  o.eclipse.m2e.core.internal.Bundles - 	Entry: C:\java\eclipse\plugins\org.eclipse.m2e.maven.runtime_3.9.500.20231113-2345\jars\guice-5.1.0.jar
2024-08-26 12:24:15,909 [Worker-15: Launching Notes-Vault] INFO  o.eclipse.m2e.core.internal.Bundles - 	Entry: C:\java\eclipse\plugins\org.eclipse.m2e.maven.runtime_3.9.500.20231113-2345\jars\httpclient-4.5.14.jar
2024-08-26 12:24:15,909 [Worker-15: Launching Notes-Vault] INFO  o.eclipse.m2e.core.internal.Bundles - 	Entry: C:\java\eclipse\plugins\org.eclipse.m2e.maven.runtime_3.9.500.20231113-2345\jars\httpcore-4.4.16.jar
2024-08-26 12:24:15,909 [Worker-15: Launching Notes-Vault] INFO  o.eclipse.m2e.core.internal.Bundles - 	Entry: C:\java\eclipse\plugins\org.eclipse.m2e.maven.runtime_3.9.500.20231113-2345\jars\jansi-2.4.0.jar
2024-08-26 12:24:15,909 [Worker-15: Launching Notes-Vault] INFO  o.eclipse.m2e.core.internal.Bundles - 	Entry: C:\java\eclipse\plugins\org.eclipse.m2e.maven.runtime_3.9.500.20231113-2345\jars\jcl-over-slf4j-1.7.36.jar
2024-08-26 12:24:15,910 [Worker-15: Launching Notes-Vault] INFO  o.eclipse.m2e.core.internal.Bundles - 	Entry: C:\java\eclipse\plugins\org.eclipse.m2e.maven.runtime_3.9.500.20231113-2345\jars\maven-artifact-3.9.5.jar
2024-08-26 12:24:15,910 [Worker-15: Launching Notes-Vault] INFO  o.eclipse.m2e.core.internal.Bundles - 	Entry: C:\java\eclipse\plugins\org.eclipse.m2e.maven.runtime_3.9.500.20231113-2345\jars\maven-builder-support-3.9.5.jar
2024-08-26 12:24:15,910 [Worker-15: Launching Notes-Vault] INFO  o.eclipse.m2e.core.internal.Bundles - 	Entry: C:\java\eclipse\plugins\org.eclipse.m2e.maven.runtime_3.9.500.20231113-2345\jars\maven-compat-3.9.5.jar
2024-08-26 12:24:15,910 [Worker-15: Launching Notes-Vault] INFO  o.eclipse.m2e.core.internal.Bundles - 	Entry: C:\java\eclipse\plugins\org.eclipse.m2e.maven.runtime_3.9.500.20231113-2345\jars\maven-core-3.9.5.jar
2024-08-26 12:24:15,911 [Worker-15: Launching Notes-Vault] INFO  o.eclipse.m2e.core.internal.Bundles - 	Entry: C:\java\eclipse\plugins\org.eclipse.m2e.maven.runtime_3.9.500.20231113-2345\jars\maven-embedder-3.9.5.jar
2024-08-26 12:24:15,911 [Worker-15: Launching Notes-Vault] INFO  o.eclipse.m2e.core.internal.Bundles - 	Entry: C:\java\eclipse\plugins\org.eclipse.m2e.maven.runtime_3.9.500.20231113-2345\jars\maven-model-3.9.5.jar
2024-08-26 12:24:15,911 [Worker-15: Launching Notes-Vault] INFO  o.eclipse.m2e.core.internal.Bundles - 	Entry: C:\java\eclipse\plugins\org.eclipse.m2e.maven.runtime_3.9.500.20231113-2345\jars\maven-model-builder-3.9.5.jar
2024-08-26 12:24:15,911 [Worker-15: Launching Notes-Vault] INFO  o.eclipse.m2e.core.internal.Bundles - 	Entry: C:\java\eclipse\plugins\org.eclipse.m2e.maven.runtime_3.9.500.20231113-2345\jars\maven-plugin-api-3.9.5.jar
2024-08-26 12:24:15,912 [Worker-15: Launching Notes-Vault] INFO  o.eclipse.m2e.core.internal.Bundles - 	Entry: C:\java\eclipse\plugins\org.eclipse.m2e.maven.runtime_3.9.500.20231113-2345\jars\maven-repository-metadata-3.9.5.jar
2024-08-26 12:24:15,912 [Worker-15: Launching Notes-Vault] INFO  o.eclipse.m2e.core.internal.Bundles - 	Entry: C:\java\eclipse\plugins\org.eclipse.m2e.maven.runtime_3.9.500.20231113-2345\jars\maven-resolver-api-1.9.16.jar
2024-08-26 12:24:15,913 [Worker-15: Launching Notes-Vault] INFO  o.eclipse.m2e.core.internal.Bundles - 	Entry: C:\java\eclipse\plugins\org.eclipse.m2e.maven.runtime_3.9.500.20231113-2345\jars\maven-resolver-connector-basic-1.9.16.jar
2024-08-26 12:24:15,913 [Worker-15: Launching Notes-Vault] INFO  o.eclipse.m2e.core.internal.Bundles - 	Entry: C:\java\eclipse\plugins\org.eclipse.m2e.maven.runtime_3.9.500.20231113-2345\jars\maven-resolver-impl-1.9.16.jar
2024-08-26 12:24:15,913 [Worker-15: Launching Notes-Vault] INFO  o.eclipse.m2e.core.internal.Bundles - 	Entry: C:\java\eclipse\plugins\org.eclipse.m2e.maven.runtime_3.9.500.20231113-2345\jars\maven-resolver-named-locks-1.9.16.jar
2024-08-26 12:24:15,914 [Worker-15: Launching Notes-Vault] INFO  o.eclipse.m2e.core.internal.Bundles - 	Entry: C:\java\eclipse\plugins\org.eclipse.m2e.maven.runtime_3.9.500.20231113-2345\jars\maven-resolver-provider-3.9.5.jar
2024-08-26 12:24:15,914 [Worker-15: Launching Notes-Vault] INFO  o.eclipse.m2e.core.internal.Bundles - 	Entry: C:\java\eclipse\plugins\org.eclipse.m2e.maven.runtime_3.9.500.20231113-2345\jars\maven-resolver-spi-1.9.16.jar
2024-08-26 12:24:15,914 [Worker-15: Launching Notes-Vault] INFO  o.eclipse.m2e.core.internal.Bundles - 	Entry: C:\java\eclipse\plugins\org.eclipse.m2e.maven.runtime_3.9.500.20231113-2345\jars\maven-resolver-transport-file-1.9.16.jar
2024-08-26 12:24:15,915 [Worker-15: Launching Notes-Vault] INFO  o.eclipse.m2e.core.internal.Bundles - 	Entry: C:\java\eclipse\plugins\org.eclipse.m2e.maven.runtime_3.9.500.20231113-2345\jars\maven-resolver-transport-http-1.9.16.jar
2024-08-26 12:24:15,915 [Worker-15: Launching Notes-Vault] INFO  o.eclipse.m2e.core.internal.Bundles - 	Entry: C:\java\eclipse\plugins\org.eclipse.m2e.maven.runtime_3.9.500.20231113-2345\jars\maven-resolver-transport-wagon-1.9.16.jar
2024-08-26 12:24:15,915 [Worker-15: Launching Notes-Vault] INFO  o.eclipse.m2e.core.internal.Bundles - 	Entry: C:\java\eclipse\plugins\org.eclipse.m2e.maven.runtime_3.9.500.20231113-2345\jars\maven-resolver-util-1.9.16.jar
2024-08-26 12:24:15,916 [Worker-15: Launching Notes-Vault] INFO  o.eclipse.m2e.core.internal.Bundles - 	Entry: C:\java\eclipse\plugins\org.eclipse.m2e.maven.runtime_3.9.500.20231113-2345\jars\maven-settings-3.9.5.jar
2024-08-26 12:24:15,916 [Worker-15: Launching Notes-Vault] INFO  o.eclipse.m2e.core.internal.Bundles - 	Entry: C:\java\eclipse\plugins\org.eclipse.m2e.maven.runtime_3.9.500.20231113-2345\jars\maven-settings-builder-3.9.5.jar
2024-08-26 12:24:15,917 [Worker-15: Launching Notes-Vault] INFO  o.eclipse.m2e.core.internal.Bundles - 	Entry: C:\java\eclipse\plugins\org.eclipse.m2e.maven.runtime_3.9.500.20231113-2345\jars\maven-shared-utils-3.3.4.jar
2024-08-26 12:24:15,917 [Worker-15: Launching Notes-Vault] INFO  o.eclipse.m2e.core.internal.Bundles - 	Entry: C:\java\eclipse\plugins\org.eclipse.m2e.maven.runtime_3.9.500.20231113-2345\jars\org.eclipse.sisu.inject-0.3.5.jar
2024-08-26 12:24:15,917 [Worker-15: Launching Notes-Vault] INFO  o.eclipse.m2e.core.internal.Bundles - 	Entry: C:\java\eclipse\plugins\org.eclipse.m2e.maven.runtime_3.9.500.20231113-2345\jars\org.eclipse.sisu.plexus-0.3.5.jar
2024-08-26 12:24:15,918 [Worker-15: Launching Notes-Vault] INFO  o.eclipse.m2e.core.internal.Bundles - 	Entry: C:\java\eclipse\plugins\org.eclipse.m2e.maven.runtime_3.9.500.20231113-2345\jars\plexus-build-api-0.0.7.jar
2024-08-26 12:24:15,918 [Worker-15: Launching Notes-Vault] INFO  o.eclipse.m2e.core.internal.Bundles - 	Entry: C:\java\eclipse\plugins\org.eclipse.m2e.maven.runtime_3.9.500.20231113-2345\jars\plexus-cipher-2.0.jar
2024-08-26 12:24:15,918 [Worker-15: Launching Notes-Vault] INFO  o.eclipse.m2e.core.internal.Bundles - 	Entry: C:\java\eclipse\plugins\org.eclipse.m2e.maven.runtime_3.9.500.20231113-2345\jars\plexus-classworlds-2.7.0.jar
2024-08-26 12:24:15,918 [Worker-15: Launching Notes-Vault] INFO  o.eclipse.m2e.core.internal.Bundles - 	Entry: C:\java\eclipse\plugins\org.eclipse.m2e.maven.runtime_3.9.500.20231113-2345\jars\plexus-component-annotations-2.1.0.jar
2024-08-26 12:24:15,919 [Worker-15: Launching Notes-Vault] INFO  o.eclipse.m2e.core.internal.Bundles - 	Entry: C:\java\eclipse\plugins\org.eclipse.m2e.maven.runtime_3.9.500.20231113-2345\jars\plexus-interpolation-1.26.jar
2024-08-26 12:24:15,919 [Worker-15: Launching Notes-Vault] INFO  o.eclipse.m2e.core.internal.Bundles - 	Entry: C:\java\eclipse\plugins\org.eclipse.m2e.maven.runtime_3.9.500.20231113-2345\jars\plexus-sec-dispatcher-2.0.jar
2024-08-26 12:24:15,919 [Worker-15: Launching Notes-Vault] INFO  o.eclipse.m2e.core.internal.Bundles - 	Entry: C:\java\eclipse\plugins\org.eclipse.m2e.maven.runtime_3.9.500.20231113-2345\jars\plexus-utils-3.5.1.jar
2024-08-26 12:24:15,920 [Worker-15: Launching Notes-Vault] INFO  o.eclipse.m2e.core.internal.Bundles - 	Entry: C:\java\eclipse\plugins\org.eclipse.m2e.maven.runtime_3.9.500.20231113-2345\jars\wagon-file-3.5.3.jar
2024-08-26 12:24:15,920 [Worker-15: Launching Notes-Vault] INFO  o.eclipse.m2e.core.internal.Bundles - 	Entry: C:\java\eclipse\plugins\org.eclipse.m2e.maven.runtime_3.9.500.20231113-2345\jars\wagon-http-3.5.3.jar
2024-08-26 12:24:15,921 [Worker-15: Launching Notes-Vault] INFO  o.eclipse.m2e.core.internal.Bundles - 	Entry: C:\java\eclipse\plugins\org.eclipse.m2e.maven.runtime_3.9.500.20231113-2345\jars\wagon-http-shared-3.5.3.jar
2024-08-26 12:24:15,921 [Worker-15: Launching Notes-Vault] INFO  o.eclipse.m2e.core.internal.Bundles - 	Entry: C:\java\eclipse\plugins\org.eclipse.m2e.maven.runtime_3.9.500.20231113-2345\jars\wagon-provider-api-3.5.3.jar
2024-08-26 12:24:15,926 [Worker-15: Launching Notes-Vault] INFO  o.eclipse.m2e.core.internal.Bundles - getClasspathEntries(Bundle=com.google.guava_32.1.3.jre [955])
2024-08-26 12:24:15,927 [Worker-15: Launching Notes-Vault] INFO  o.eclipse.m2e.core.internal.Bundles - 	Entry: C:\java\eclipse\plugins\com.google.guava_32.1.3.jre.jar
2024-08-26 12:24:15,927 [Worker-15: Launching Notes-Vault] INFO  o.eclipse.m2e.core.internal.Bundles - getClasspathEntries(Bundle=slf4j.api_2.0.9 [1825])
2024-08-26 12:24:15,927 [Worker-15: Launching Notes-Vault] INFO  o.eclipse.m2e.core.internal.Bundles - 	Entry: C:\java\eclipse\plugins\slf4j.api_2.0.9.jar
2024-08-26 12:24:15,927 [Worker-15: Launching Notes-Vault] INFO  o.eclipse.m2e.core.internal.Bundles - getClasspathEntries(Bundle=jakarta.inject.jakarta.inject-api_1.0.5 [968])
2024-08-26 12:24:15,928 [Worker-15: Launching Notes-Vault] INFO  o.eclipse.m2e.core.internal.Bundles - 	Entry: C:\java\eclipse\plugins\jakarta.inject.jakarta.inject-api_1.0.5.jar
2024-08-26 12:24:15,928 [Worker-15: Launching Notes-Vault] INFO  o.eclipse.m2e.core.internal.Bundles - getClasspathEntries(Bundle=jakarta.annotation-api_1.3.5 [965])
2024-08-26 12:24:15,928 [Worker-15: Launching Notes-Vault] INFO  o.eclipse.m2e.core.internal.Bundles - 	Entry: C:\java\eclipse\plugins\jakarta.annotation-api_1.3.5.jar
2024-08-26 12:24:15,929 [Worker-15: Launching Notes-Vault] INFO  o.eclipse.m2e.core.internal.Bundles - getClasspathEntries(Bundle=org.apache.commons.cli_1.6.0 [995])
2024-08-26 12:24:15,929 [Worker-15: Launching Notes-Vault] INFO  o.eclipse.m2e.core.internal.Bundles - 	Entry: C:\java\eclipse\plugins\org.apache.commons.cli_1.6.0.jar
2024-08-26 12:24:15,929 [Worker-15: Launching Notes-Vault] INFO  o.eclipse.m2e.core.internal.Bundles - getClasspathEntries(Bundle=org.apache.commons.commons-codec_1.16.0 [998])
2024-08-26 12:24:15,930 [Worker-15: Launching Notes-Vault] INFO  o.eclipse.m2e.core.internal.Bundles - 	Entry: C:\java\eclipse\plugins\org.apache.commons.commons-codec_1.16.0.jar
2024-08-26 12:24:15,930 [Worker-15: Launching Notes-Vault] INFO  o.eclipse.m2e.core.internal.Bundles - getClasspathEntries(Bundle=org.apache.commons.lang3_3.13.0 [1002])
2024-08-26 12:24:15,930 [Worker-15: Launching Notes-Vault] INFO  o.eclipse.m2e.core.internal.Bundles - 	Entry: C:\java\eclipse\plugins\org.apache.commons.lang3_3.13.0.jar
2024-08-26 12:24:15,930 [Worker-15: Launching Notes-Vault] INFO  o.eclipse.m2e.core.internal.Bundles - getClasspathEntries(Bundle=com.google.guava.failureaccess_1.0.2 [956])
2024-08-26 12:24:15,931 [Worker-15: Launching Notes-Vault] INFO  o.eclipse.m2e.core.internal.Bundles - 	Entry: C:\java\eclipse\plugins\com.google.guava.failureaccess_1.0.2.jar
2024-08-26 12:24:15,940 [Worker-15: Launching Notes-Vault] INFO  o.e.m.i.launch.MavenLaunchDelegate - Run build in "F:\1_Notes_project\Project_26_8_2024\Notes-Vault-main\Backend\Notes-Vault":
2024-08-26 12:24:15,947 [Worker-15: Launching Notes-Vault] INFO  o.e.m.i.launch.MavenLaunchDelegate -  mvn  -B -Dstyle.color=always 
2024-08-26 12:24:27,305 [Worker-12: Launching Notes-Vault] INFO  o.eclipse.m2e.core.internal.Bundles - getClasspathEntries(Bundle=org.eclipse.m2e.maven.runtime_3.9.500.20231113-2345 [1510])
2024-08-26 12:24:27,305 [Worker-12: Launching Notes-Vault] INFO  o.eclipse.m2e.core.internal.Bundles - 	Entry: C:\java\eclipse\plugins\org.eclipse.m2e.maven.runtime_3.9.500.20231113-2345
2024-08-26 12:24:27,305 [Worker-12: Launching Notes-Vault] INFO  o.eclipse.m2e.core.internal.Bundles - 	Entry: C:\java\eclipse\plugins\org.eclipse.m2e.maven.runtime_3.9.500.20231113-2345\jars\aopalliance-1.0.jar
2024-08-26 12:24:27,306 [Worker-12: Launching Notes-Vault] INFO  o.eclipse.m2e.core.internal.Bundles - 	Entry: C:\java\eclipse\plugins\org.eclipse.m2e.maven.runtime_3.9.500.20231113-2345\jars\guice-5.1.0.jar
2024-08-26 12:24:27,306 [Worker-12: Launching Notes-Vault] INFO  o.eclipse.m2e.core.internal.Bundles - 	Entry: C:\java\eclipse\plugins\org.eclipse.m2e.maven.runtime_3.9.500.20231113-2345\jars\httpclient-4.5.14.jar
2024-08-26 12:24:27,306 [Worker-12: Launching Notes-Vault] INFO  o.eclipse.m2e.core.internal.Bundles - 	Entry: C:\java\eclipse\plugins\org.eclipse.m2e.maven.runtime_3.9.500.20231113-2345\jars\httpcore-4.4.16.jar
2024-08-26 12:24:27,306 [Worker-12: Launching Notes-Vault] INFO  o.eclipse.m2e.core.internal.Bundles - 	Entry: C:\java\eclipse\plugins\org.eclipse.m2e.maven.runtime_3.9.500.20231113-2345\jars\jansi-2.4.0.jar
2024-08-26 12:24:27,306 [Worker-12: Launching Notes-Vault] INFO  o.eclipse.m2e.core.internal.Bundles - 	Entry: C:\java\eclipse\plugins\org.eclipse.m2e.maven.runtime_3.9.500.20231113-2345\jars\jcl-over-slf4j-1.7.36.jar
2024-08-26 12:24:27,306 [Worker-12: Launching Notes-Vault] INFO  o.eclipse.m2e.core.internal.Bundles - 	Entry: C:\java\eclipse\plugins\org.eclipse.m2e.maven.runtime_3.9.500.20231113-2345\jars\maven-artifact-3.9.5.jar
2024-08-26 12:24:27,307 [Worker-12: Launching Notes-Vault] INFO  o.eclipse.m2e.core.internal.Bundles - 	Entry: C:\java\eclipse\plugins\org.eclipse.m2e.maven.runtime_3.9.500.20231113-2345\jars\maven-builder-support-3.9.5.jar
2024-08-26 12:24:27,307 [Worker-12: Launching Notes-Vault] INFO  o.eclipse.m2e.core.internal.Bundles - 	Entry: C:\java\eclipse\plugins\org.eclipse.m2e.maven.runtime_3.9.500.20231113-2345\jars\maven-compat-3.9.5.jar
2024-08-26 12:24:27,307 [Worker-12: Launching Notes-Vault] INFO  o.eclipse.m2e.core.internal.Bundles - 	Entry: C:\java\eclipse\plugins\org.eclipse.m2e.maven.runtime_3.9.500.20231113-2345\jars\maven-core-3.9.5.jar
2024-08-26 12:24:27,307 [Worker-12: Launching Notes-Vault] INFO  o.eclipse.m2e.core.internal.Bundles - 	Entry: C:\java\eclipse\plugins\org.eclipse.m2e.maven.runtime_3.9.500.20231113-2345\jars\maven-embedder-3.9.5.jar
2024-08-26 12:24:27,307 [Worker-12: Launching Notes-Vault] INFO  o.eclipse.m2e.core.internal.Bundles - 	Entry: C:\java\eclipse\plugins\org.eclipse.m2e.maven.runtime_3.9.500.20231113-2345\jars\maven-model-3.9.5.jar
2024-08-26 12:24:27,307 [Worker-12: Launching Notes-Vault] INFO  o.eclipse.m2e.core.internal.Bundles - 	Entry: C:\java\eclipse\plugins\org.eclipse.m2e.maven.runtime_3.9.500.20231113-2345\jars\maven-model-builder-3.9.5.jar
2024-08-26 12:24:27,308 [Worker-12: Launching Notes-Vault] INFO  o.eclipse.m2e.core.internal.Bundles - 	Entry: C:\java\eclipse\plugins\org.eclipse.m2e.maven.runtime_3.9.500.20231113-2345\jars\maven-plugin-api-3.9.5.jar
2024-08-26 12:24:27,308 [Worker-12: Launching Notes-Vault] INFO  o.eclipse.m2e.core.internal.Bundles - 	Entry: C:\java\eclipse\plugins\org.eclipse.m2e.maven.runtime_3.9.500.20231113-2345\jars\maven-repository-metadata-3.9.5.jar
2024-08-26 12:24:27,308 [Worker-12: Launching Notes-Vault] INFO  o.eclipse.m2e.core.internal.Bundles - 	Entry: C:\java\eclipse\plugins\org.eclipse.m2e.maven.runtime_3.9.500.20231113-2345\jars\maven-resolver-api-1.9.16.jar
2024-08-26 12:24:27,308 [Worker-12: Launching Notes-Vault] INFO  o.eclipse.m2e.core.internal.Bundles - 	Entry: C:\java\eclipse\plugins\org.eclipse.m2e.maven.runtime_3.9.500.20231113-2345\jars\maven-resolver-connector-basic-1.9.16.jar
2024-08-26 12:24:27,308 [Worker-12: Launching Notes-Vault] INFO  o.eclipse.m2e.core.internal.Bundles - 	Entry: C:\java\eclipse\plugins\org.eclipse.m2e.maven.runtime_3.9.500.20231113-2345\jars\maven-resolver-impl-1.9.16.jar
2024-08-26 12:24:27,308 [Worker-12: Launching Notes-Vault] INFO  o.eclipse.m2e.core.internal.Bundles - 	Entry: C:\java\eclipse\plugins\org.eclipse.m2e.maven.runtime_3.9.500.20231113-2345\jars\maven-resolver-named-locks-1.9.16.jar
2024-08-26 12:24:27,308 [Worker-12: Launching Notes-Vault] INFO  o.eclipse.m2e.core.internal.Bundles - 	Entry: C:\java\eclipse\plugins\org.eclipse.m2e.maven.runtime_3.9.500.20231113-2345\jars\maven-resolver-provider-3.9.5.jar
2024-08-26 12:24:27,309 [Worker-12: Launching Notes-Vault] INFO  o.eclipse.m2e.core.internal.Bundles - 	Entry: C:\java\eclipse\plugins\org.eclipse.m2e.maven.runtime_3.9.500.20231113-2345\jars\maven-resolver-spi-1.9.16.jar
2024-08-26 12:24:27,309 [Worker-12: Launching Notes-Vault] INFO  o.eclipse.m2e.core.internal.Bundles - 	Entry: C:\java\eclipse\plugins\org.eclipse.m2e.maven.runtime_3.9.500.20231113-2345\jars\maven-resolver-transport-file-1.9.16.jar
2024-08-26 12:24:27,309 [Worker-12: Launching Notes-Vault] INFO  o.eclipse.m2e.core.internal.Bundles - 	Entry: C:\java\eclipse\plugins\org.eclipse.m2e.maven.runtime_3.9.500.20231113-2345\jars\maven-resolver-transport-http-1.9.16.jar
2024-08-26 12:24:27,309 [Worker-12: Launching Notes-Vault] INFO  o.eclipse.m2e.core.internal.Bundles - 	Entry: C:\java\eclipse\plugins\org.eclipse.m2e.maven.runtime_3.9.500.20231113-2345\jars\maven-resolver-transport-wagon-1.9.16.jar
2024-08-26 12:24:27,309 [Worker-12: Launching Notes-Vault] INFO  o.eclipse.m2e.core.internal.Bundles - 	Entry: C:\java\eclipse\plugins\org.eclipse.m2e.maven.runtime_3.9.500.20231113-2345\jars\maven-resolver-util-1.9.16.jar
2024-08-26 12:24:27,310 [Worker-12: Launching Notes-Vault] INFO  o.eclipse.m2e.core.internal.Bundles - 	Entry: C:\java\eclipse\plugins\org.eclipse.m2e.maven.runtime_3.9.500.20231113-2345\jars\maven-settings-3.9.5.jar
2024-08-26 12:24:27,310 [Worker-12: Launching Notes-Vault] INFO  o.eclipse.m2e.core.internal.Bundles - 	Entry: C:\java\eclipse\plugins\org.eclipse.m2e.maven.runtime_3.9.500.20231113-2345\jars\maven-settings-builder-3.9.5.jar
2024-08-26 12:24:27,310 [Worker-12: Launching Notes-Vault] INFO  o.eclipse.m2e.core.internal.Bundles - 	Entry: C:\java\eclipse\plugins\org.eclipse.m2e.maven.runtime_3.9.500.20231113-2345\jars\maven-shared-utils-3.3.4.jar
2024-08-26 12:24:27,310 [Worker-12: Launching Notes-Vault] INFO  o.eclipse.m2e.core.internal.Bundles - 	Entry: C:\java\eclipse\plugins\org.eclipse.m2e.maven.runtime_3.9.500.20231113-2345\jars\org.eclipse.sisu.inject-0.3.5.jar
2024-08-26 12:24:27,310 [Worker-12: Launching Notes-Vault] INFO  o.eclipse.m2e.core.internal.Bundles - 	Entry: C:\java\eclipse\plugins\org.eclipse.m2e.maven.runtime_3.9.500.20231113-2345\jars\org.eclipse.sisu.plexus-0.3.5.jar
2024-08-26 12:24:27,310 [Worker-12: Launching Notes-Vault] INFO  o.eclipse.m2e.core.internal.Bundles - 	Entry: C:\java\eclipse\plugins\org.eclipse.m2e.maven.runtime_3.9.500.20231113-2345\jars\plexus-build-api-0.0.7.jar
2024-08-26 12:24:27,311 [Worker-12: Launching Notes-Vault] INFO  o.eclipse.m2e.core.internal.Bundles - 	Entry: C:\java\eclipse\plugins\org.eclipse.m2e.maven.runtime_3.9.500.20231113-2345\jars\plexus-cipher-2.0.jar
2024-08-26 12:24:27,311 [Worker-12: Launching Notes-Vault] INFO  o.eclipse.m2e.core.internal.Bundles - 	Entry: C:\java\eclipse\plugins\org.eclipse.m2e.maven.runtime_3.9.500.20231113-2345\jars\plexus-classworlds-2.7.0.jar
2024-08-26 12:24:27,311 [Worker-12: Launching Notes-Vault] INFO  o.eclipse.m2e.core.internal.Bundles - 	Entry: C:\java\eclipse\plugins\org.eclipse.m2e.maven.runtime_3.9.500.20231113-2345\jars\plexus-component-annotations-2.1.0.jar
2024-08-26 12:24:27,311 [Worker-12: Launching Notes-Vault] INFO  o.eclipse.m2e.core.internal.Bundles - 	Entry: C:\java\eclipse\plugins\org.eclipse.m2e.maven.runtime_3.9.500.20231113-2345\jars\plexus-interpolation-1.26.jar
2024-08-26 12:24:27,311 [Worker-12: Launching Notes-Vault] INFO  o.eclipse.m2e.core.internal.Bundles - 	Entry: C:\java\eclipse\plugins\org.eclipse.m2e.maven.runtime_3.9.500.20231113-2345\jars\plexus-sec-dispatcher-2.0.jar
2024-08-26 12:24:27,311 [Worker-12: Launching Notes-Vault] INFO  o.eclipse.m2e.core.internal.Bundles - 	Entry: C:\java\eclipse\plugins\org.eclipse.m2e.maven.runtime_3.9.500.20231113-2345\jars\plexus-utils-3.5.1.jar
2024-08-26 12:24:27,311 [Worker-12: Launching Notes-Vault] INFO  o.eclipse.m2e.core.internal.Bundles - 	Entry: C:\java\eclipse\plugins\org.eclipse.m2e.maven.runtime_3.9.500.20231113-2345\jars\wagon-file-3.5.3.jar
2024-08-26 12:24:27,312 [Worker-12: Launching Notes-Vault] INFO  o.eclipse.m2e.core.internal.Bundles - 	Entry: C:\java\eclipse\plugins\org.eclipse.m2e.maven.runtime_3.9.500.20231113-2345\jars\wagon-http-3.5.3.jar
2024-08-26 12:24:27,312 [Worker-12: Launching Notes-Vault] INFO  o.eclipse.m2e.core.internal.Bundles - 	Entry: C:\java\eclipse\plugins\org.eclipse.m2e.maven.runtime_3.9.500.20231113-2345\jars\wagon-http-shared-3.5.3.jar
2024-08-26 12:24:27,312 [Worker-12: Launching Notes-Vault] INFO  o.eclipse.m2e.core.internal.Bundles - 	Entry: C:\java\eclipse\plugins\org.eclipse.m2e.maven.runtime_3.9.500.20231113-2345\jars\wagon-provider-api-3.5.3.jar
2024-08-26 12:24:27,312 [Worker-12: Launching Notes-Vault] INFO  o.eclipse.m2e.core.internal.Bundles - getClasspathEntries(Bundle=com.google.guava_32.1.3.jre [955])
2024-08-26 12:24:27,312 [Worker-12: Launching Notes-Vault] INFO  o.eclipse.m2e.core.internal.Bundles - 	Entry: C:\java\eclipse\plugins\com.google.guava_32.1.3.jre.jar
2024-08-26 12:24:27,312 [Worker-12: Launching Notes-Vault] INFO  o.eclipse.m2e.core.internal.Bundles - getClasspathEntries(Bundle=slf4j.api_2.0.9 [1825])
2024-08-26 12:24:27,313 [Worker-12: Launching Notes-Vault] INFO  o.eclipse.m2e.core.internal.Bundles - 	Entry: C:\java\eclipse\plugins\slf4j.api_2.0.9.jar
2024-08-26 12:24:27,313 [Worker-12: Launching Notes-Vault] INFO  o.eclipse.m2e.core.internal.Bundles - getClasspathEntries(Bundle=jakarta.inject.jakarta.inject-api_1.0.5 [968])
2024-08-26 12:24:27,313 [Worker-12: Launching Notes-Vault] INFO  o.eclipse.m2e.core.internal.Bundles - 	Entry: C:\java\eclipse\plugins\jakarta.inject.jakarta.inject-api_1.0.5.jar
2024-08-26 12:24:27,313 [Worker-12: Launching Notes-Vault] INFO  o.eclipse.m2e.core.internal.Bundles - getClasspathEntries(Bundle=jakarta.annotation-api_1.3.5 [965])
2024-08-26 12:24:27,313 [Worker-12: Launching Notes-Vault] INFO  o.eclipse.m2e.core.internal.Bundles - 	Entry: C:\java\eclipse\plugins\jakarta.annotation-api_1.3.5.jar
2024-08-26 12:24:27,313 [Worker-12: Launching Notes-Vault] INFO  o.eclipse.m2e.core.internal.Bundles - getClasspathEntries(Bundle=org.apache.commons.cli_1.6.0 [995])
2024-08-26 12:24:27,314 [Worker-12: Launching Notes-Vault] INFO  o.eclipse.m2e.core.internal.Bundles - 	Entry: C:\java\eclipse\plugins\org.apache.commons.cli_1.6.0.jar
2024-08-26 12:24:27,314 [Worker-12: Launching Notes-Vault] INFO  o.eclipse.m2e.core.internal.Bundles - getClasspathEntries(Bundle=org.apache.commons.commons-codec_1.16.0 [998])
2024-08-26 12:24:27,314 [Worker-12: Launching Notes-Vault] INFO  o.eclipse.m2e.core.internal.Bundles - 	Entry: C:\java\eclipse\plugins\org.apache.commons.commons-codec_1.16.0.jar
2024-08-26 12:24:27,314 [Worker-12: Launching Notes-Vault] INFO  o.eclipse.m2e.core.internal.Bundles - getClasspathEntries(Bundle=org.apache.commons.lang3_3.13.0 [1002])
2024-08-26 12:24:27,314 [Worker-12: Launching Notes-Vault] INFO  o.eclipse.m2e.core.internal.Bundles - 	Entry: C:\java\eclipse\plugins\org.apache.commons.lang3_3.13.0.jar
2024-08-26 12:24:27,315 [Worker-12: Launching Notes-Vault] INFO  o.eclipse.m2e.core.internal.Bundles - getClasspathEntries(Bundle=com.google.guava.failureaccess_1.0.2 [956])
2024-08-26 12:24:27,315 [Worker-12: Launching Notes-Vault] INFO  o.eclipse.m2e.core.internal.Bundles - 	Entry: C:\java\eclipse\plugins\com.google.guava.failureaccess_1.0.2.jar
2024-08-26 12:24:27,316 [Worker-12: Launching Notes-Vault] INFO  o.e.m.i.launch.MavenLaunchDelegate - Run build in "F:\1_Notes_project\Project_26_8_2024\Notes-Vault-main\Backend\Notes-Vault":
2024-08-26 12:24:27,316 [Worker-12: Launching Notes-Vault] INFO  o.e.m.i.launch.MavenLaunchDelegate -  mvn  -B -Dstyle.color=always 
2024-08-26 12:25:09,620 [main] INFO  o.e.m2e.actions.ExecutePomAction - Creating new launch configuration
2024-08-26 12:25:32,766 [Worker-7: Launching Notes-Vault (1)] INFO  o.eclipse.m2e.core.internal.Bundles - getClasspathEntries(Bundle=org.eclipse.m2e.maven.runtime_3.9.500.20231113-2345 [1510])
2024-08-26 12:25:32,767 [Worker-7: Launching Notes-Vault (1)] INFO  o.eclipse.m2e.core.internal.Bundles - 	Entry: C:\java\eclipse\plugins\org.eclipse.m2e.maven.runtime_3.9.500.20231113-2345
2024-08-26 12:25:32,768 [Worker-7: Launching Notes-Vault (1)] INFO  o.eclipse.m2e.core.internal.Bundles - 	Entry: C:\java\eclipse\plugins\org.eclipse.m2e.maven.runtime_3.9.500.20231113-2345\jars\aopalliance-1.0.jar
2024-08-26 12:25:32,768 [Worker-7: Launching Notes-Vault (1)] INFO  o.eclipse.m2e.core.internal.Bundles - 	Entry: C:\java\eclipse\plugins\org.eclipse.m2e.maven.runtime_3.9.500.20231113-2345\jars\guice-5.1.0.jar
2024-08-26 12:25:32,769 [Worker-7: Launching Notes-Vault (1)] INFO  o.eclipse.m2e.core.internal.Bundles - 	Entry: C:\java\eclipse\plugins\org.eclipse.m2e.maven.runtime_3.9.500.20231113-2345\jars\httpclient-4.5.14.jar
2024-08-26 12:25:32,769 [Worker-7: Launching Notes-Vault (1)] INFO  o.eclipse.m2e.core.internal.Bundles - 	Entry: C:\java\eclipse\plugins\org.eclipse.m2e.maven.runtime_3.9.500.20231113-2345\jars\httpcore-4.4.16.jar
2024-08-26 12:25:32,769 [Worker-7: Launching Notes-Vault (1)] INFO  o.eclipse.m2e.core.internal.Bundles - 	Entry: C:\java\eclipse\plugins\org.eclipse.m2e.maven.runtime_3.9.500.20231113-2345\jars\jansi-2.4.0.jar
2024-08-26 12:25:32,769 [Worker-7: Launching Notes-Vault (1)] INFO  o.eclipse.m2e.core.internal.Bundles - 	Entry: C:\java\eclipse\plugins\org.eclipse.m2e.maven.runtime_3.9.500.20231113-2345\jars\jcl-over-slf4j-1.7.36.jar
2024-08-26 12:25:32,770 [Worker-7: Launching Notes-Vault (1)] INFO  o.eclipse.m2e.core.internal.Bundles - 	Entry: C:\java\eclipse\plugins\org.eclipse.m2e.maven.runtime_3.9.500.20231113-2345\jars\maven-artifact-3.9.5.jar
2024-08-26 12:25:32,770 [Worker-7: Launching Notes-Vault (1)] INFO  o.eclipse.m2e.core.internal.Bundles - 	Entry: C:\java\eclipse\plugins\org.eclipse.m2e.maven.runtime_3.9.500.20231113-2345\jars\maven-builder-support-3.9.5.jar
2024-08-26 12:25:32,770 [Worker-7: Launching Notes-Vault (1)] INFO  o.eclipse.m2e.core.internal.Bundles - 	Entry: C:\java\eclipse\plugins\org.eclipse.m2e.maven.runtime_3.9.500.20231113-2345\jars\maven-compat-3.9.5.jar
2024-08-26 12:25:32,770 [Worker-7: Launching Notes-Vault (1)] INFO  o.eclipse.m2e.core.internal.Bundles - 	Entry: C:\java\eclipse\plugins\org.eclipse.m2e.maven.runtime_3.9.500.20231113-2345\jars\maven-core-3.9.5.jar
2024-08-26 12:25:32,771 [Worker-7: Launching Notes-Vault (1)] INFO  o.eclipse.m2e.core.internal.Bundles - 	Entry: C:\java\eclipse\plugins\org.eclipse.m2e.maven.runtime_3.9.500.20231113-2345\jars\maven-embedder-3.9.5.jar
2024-08-26 12:25:32,771 [Worker-7: Launching Notes-Vault (1)] INFO  o.eclipse.m2e.core.internal.Bundles - 	Entry: C:\java\eclipse\plugins\org.eclipse.m2e.maven.runtime_3.9.500.20231113-2345\jars\maven-model-3.9.5.jar
2024-08-26 12:25:32,771 [Worker-7: Launching Notes-Vault (1)] INFO  o.eclipse.m2e.core.internal.Bundles - 	Entry: C:\java\eclipse\plugins\org.eclipse.m2e.maven.runtime_3.9.500.20231113-2345\jars\maven-model-builder-3.9.5.jar
2024-08-26 12:25:32,771 [Worker-7: Launching Notes-Vault (1)] INFO  o.eclipse.m2e.core.internal.Bundles - 	Entry: C:\java\eclipse\plugins\org.eclipse.m2e.maven.runtime_3.9.500.20231113-2345\jars\maven-plugin-api-3.9.5.jar
2024-08-26 12:25:32,771 [Worker-7: Launching Notes-Vault (1)] INFO  o.eclipse.m2e.core.internal.Bundles - 	Entry: C:\java\eclipse\plugins\org.eclipse.m2e.maven.runtime_3.9.500.20231113-2345\jars\maven-repository-metadata-3.9.5.jar
2024-08-26 12:25:32,771 [Worker-7: Launching Notes-Vault (1)] INFO  o.eclipse.m2e.core.internal.Bundles - 	Entry: C:\java\eclipse\plugins\org.eclipse.m2e.maven.runtime_3.9.500.20231113-2345\jars\maven-resolver-api-1.9.16.jar
2024-08-26 12:25:32,772 [Worker-7: Launching Notes-Vault (1)] INFO  o.eclipse.m2e.core.internal.Bundles - 	Entry: C:\java\eclipse\plugins\org.eclipse.m2e.maven.runtime_3.9.500.20231113-2345\jars\maven-resolver-connector-basic-1.9.16.jar
2024-08-26 12:25:32,772 [Worker-7: Launching Notes-Vault (1)] INFO  o.eclipse.m2e.core.internal.Bundles - 	Entry: C:\java\eclipse\plugins\org.eclipse.m2e.maven.runtime_3.9.500.20231113-2345\jars\maven-resolver-impl-1.9.16.jar
2024-08-26 12:25:32,772 [Worker-7: Launching Notes-Vault (1)] INFO  o.eclipse.m2e.core.internal.Bundles - 	Entry: C:\java\eclipse\plugins\org.eclipse.m2e.maven.runtime_3.9.500.20231113-2345\jars\maven-resolver-named-locks-1.9.16.jar
2024-08-26 12:25:32,772 [Worker-7: Launching Notes-Vault (1)] INFO  o.eclipse.m2e.core.internal.Bundles - 	Entry: C:\java\eclipse\plugins\org.eclipse.m2e.maven.runtime_3.9.500.20231113-2345\jars\maven-resolver-provider-3.9.5.jar
2024-08-26 12:25:32,772 [Worker-7: Launching Notes-Vault (1)] INFO  o.eclipse.m2e.core.internal.Bundles - 	Entry: C:\java\eclipse\plugins\org.eclipse.m2e.maven.runtime_3.9.500.20231113-2345\jars\maven-resolver-spi-1.9.16.jar
2024-08-26 12:25:32,772 [Worker-7: Launching Notes-Vault (1)] INFO  o.eclipse.m2e.core.internal.Bundles - 	Entry: C:\java\eclipse\plugins\org.eclipse.m2e.maven.runtime_3.9.500.20231113-2345\jars\maven-resolver-transport-file-1.9.16.jar
2024-08-26 12:25:32,773 [Worker-7: Launching Notes-Vault (1)] INFO  o.eclipse.m2e.core.internal.Bundles - 	Entry: C:\java\eclipse\plugins\org.eclipse.m2e.maven.runtime_3.9.500.20231113-2345\jars\maven-resolver-transport-http-1.9.16.jar
2024-08-26 12:25:32,773 [Worker-7: Launching Notes-Vault (1)] INFO  o.eclipse.m2e.core.internal.Bundles - 	Entry: C:\java\eclipse\plugins\org.eclipse.m2e.maven.runtime_3.9.500.20231113-2345\jars\maven-resolver-transport-wagon-1.9.16.jar
2024-08-26 12:25:32,773 [Worker-7: Launching Notes-Vault (1)] INFO  o.eclipse.m2e.core.internal.Bundles - 	Entry: C:\java\eclipse\plugins\org.eclipse.m2e.maven.runtime_3.9.500.20231113-2345\jars\maven-resolver-util-1.9.16.jar
2024-08-26 12:25:32,773 [Worker-7: Launching Notes-Vault (1)] INFO  o.eclipse.m2e.core.internal.Bundles - 	Entry: C:\java\eclipse\plugins\org.eclipse.m2e.maven.runtime_3.9.500.20231113-2345\jars\maven-settings-3.9.5.jar
2024-08-26 12:25:32,773 [Worker-7: Launching Notes-Vault (1)] INFO  o.eclipse.m2e.core.internal.Bundles - 	Entry: C:\java\eclipse\plugins\org.eclipse.m2e.maven.runtime_3.9.500.20231113-2345\jars\maven-settings-builder-3.9.5.jar
2024-08-26 12:25:32,773 [Worker-7: Launching Notes-Vault (1)] INFO  o.eclipse.m2e.core.internal.Bundles - 	Entry: C:\java\eclipse\plugins\org.eclipse.m2e.maven.runtime_3.9.500.20231113-2345\jars\maven-shared-utils-3.3.4.jar
2024-08-26 12:25:32,774 [Worker-7: Launching Notes-Vault (1)] INFO  o.eclipse.m2e.core.internal.Bundles - 	Entry: C:\java\eclipse\plugins\org.eclipse.m2e.maven.runtime_3.9.500.20231113-2345\jars\org.eclipse.sisu.inject-0.3.5.jar
2024-08-26 12:25:32,774 [Worker-7: Launching Notes-Vault (1)] INFO  o.eclipse.m2e.core.internal.Bundles - 	Entry: C:\java\eclipse\plugins\org.eclipse.m2e.maven.runtime_3.9.500.20231113-2345\jars\org.eclipse.sisu.plexus-0.3.5.jar
2024-08-26 12:25:32,774 [Worker-7: Launching Notes-Vault (1)] INFO  o.eclipse.m2e.core.internal.Bundles - 	Entry: C:\java\eclipse\plugins\org.eclipse.m2e.maven.runtime_3.9.500.20231113-2345\jars\plexus-build-api-0.0.7.jar
2024-08-26 12:25:32,774 [Worker-7: Launching Notes-Vault (1)] INFO  o.eclipse.m2e.core.internal.Bundles - 	Entry: C:\java\eclipse\plugins\org.eclipse.m2e.maven.runtime_3.9.500.20231113-2345\jars\plexus-cipher-2.0.jar
2024-08-26 12:25:32,775 [Worker-7: Launching Notes-Vault (1)] INFO  o.eclipse.m2e.core.internal.Bundles - 	Entry: C:\java\eclipse\plugins\org.eclipse.m2e.maven.runtime_3.9.500.20231113-2345\jars\plexus-classworlds-2.7.0.jar
2024-08-26 12:25:32,775 [Worker-7: Launching Notes-Vault (1)] INFO  o.eclipse.m2e.core.internal.Bundles - 	Entry: C:\java\eclipse\plugins\org.eclipse.m2e.maven.runtime_3.9.500.20231113-2345\jars\plexus-component-annotations-2.1.0.jar
2024-08-26 12:25:32,775 [Worker-7: Launching Notes-Vault (1)] INFO  o.eclipse.m2e.core.internal.Bundles - 	Entry: C:\java\eclipse\plugins\org.eclipse.m2e.maven.runtime_3.9.500.20231113-2345\jars\plexus-interpolation-1.26.jar
2024-08-26 12:25:32,776 [Worker-7: Launching Notes-Vault (1)] INFO  o.eclipse.m2e.core.internal.Bundles - 	Entry: C:\java\eclipse\plugins\org.eclipse.m2e.maven.runtime_3.9.500.20231113-2345\jars\plexus-sec-dispatcher-2.0.jar
2024-08-26 12:25:32,776 [Worker-7: Launching Notes-Vault (1)] INFO  o.eclipse.m2e.core.internal.Bundles - 	Entry: C:\java\eclipse\plugins\org.eclipse.m2e.maven.runtime_3.9.500.20231113-2345\jars\plexus-utils-3.5.1.jar
2024-08-26 12:25:32,776 [Worker-7: Launching Notes-Vault (1)] INFO  o.eclipse.m2e.core.internal.Bundles - 	Entry: C:\java\eclipse\plugins\org.eclipse.m2e.maven.runtime_3.9.500.20231113-2345\jars\wagon-file-3.5.3.jar
2024-08-26 12:25:32,776 [Worker-7: Launching Notes-Vault (1)] INFO  o.eclipse.m2e.core.internal.Bundles - 	Entry: C:\java\eclipse\plugins\org.eclipse.m2e.maven.runtime_3.9.500.20231113-2345\jars\wagon-http-3.5.3.jar
2024-08-26 12:25:32,777 [Worker-7: Launching Notes-Vault (1)] INFO  o.eclipse.m2e.core.internal.Bundles - 	Entry: C:\java\eclipse\plugins\org.eclipse.m2e.maven.runtime_3.9.500.20231113-2345\jars\wagon-http-shared-3.5.3.jar
2024-08-26 12:25:32,777 [Worker-7: Launching Notes-Vault (1)] INFO  o.eclipse.m2e.core.internal.Bundles - 	Entry: C:\java\eclipse\plugins\org.eclipse.m2e.maven.runtime_3.9.500.20231113-2345\jars\wagon-provider-api-3.5.3.jar
2024-08-26 12:25:32,777 [Worker-7: Launching Notes-Vault (1)] INFO  o.eclipse.m2e.core.internal.Bundles - getClasspathEntries(Bundle=com.google.guava_32.1.3.jre [955])
2024-08-26 12:25:32,778 [Worker-7: Launching Notes-Vault (1)] INFO  o.eclipse.m2e.core.internal.Bundles - 	Entry: C:\java\eclipse\plugins\com.google.guava_32.1.3.jre.jar
2024-08-26 12:25:32,778 [Worker-7: Launching Notes-Vault (1)] INFO  o.eclipse.m2e.core.internal.Bundles - getClasspathEntries(Bundle=slf4j.api_2.0.9 [1825])
2024-08-26 12:25:32,778 [Worker-7: Launching Notes-Vault (1)] INFO  o.eclipse.m2e.core.internal.Bundles - 	Entry: C:\java\eclipse\plugins\slf4j.api_2.0.9.jar
2024-08-26 12:25:32,778 [Worker-7: Launching Notes-Vault (1)] INFO  o.eclipse.m2e.core.internal.Bundles - getClasspathEntries(Bundle=jakarta.inject.jakarta.inject-api_1.0.5 [968])
2024-08-26 12:25:32,778 [Worker-7: Launching Notes-Vault (1)] INFO  o.eclipse.m2e.core.internal.Bundles - 	Entry: C:\java\eclipse\plugins\jakarta.inject.jakarta.inject-api_1.0.5.jar
2024-08-26 12:25:32,778 [Worker-7: Launching Notes-Vault (1)] INFO  o.eclipse.m2e.core.internal.Bundles - getClasspathEntries(Bundle=jakarta.annotation-api_1.3.5 [965])
2024-08-26 12:25:32,779 [Worker-7: Launching Notes-Vault (1)] INFO  o.eclipse.m2e.core.internal.Bundles - 	Entry: C:\java\eclipse\plugins\jakarta.annotation-api_1.3.5.jar
2024-08-26 12:25:32,779 [Worker-7: Launching Notes-Vault (1)] INFO  o.eclipse.m2e.core.internal.Bundles - getClasspathEntries(Bundle=org.apache.commons.cli_1.6.0 [995])
2024-08-26 12:25:32,780 [Worker-7: Launching Notes-Vault (1)] INFO  o.eclipse.m2e.core.internal.Bundles - 	Entry: C:\java\eclipse\plugins\org.apache.commons.cli_1.6.0.jar
2024-08-26 12:25:32,780 [Worker-7: Launching Notes-Vault (1)] INFO  o.eclipse.m2e.core.internal.Bundles - getClasspathEntries(Bundle=org.apache.commons.commons-codec_1.16.0 [998])
2024-08-26 12:25:32,780 [Worker-7: Launching Notes-Vault (1)] INFO  o.eclipse.m2e.core.internal.Bundles - 	Entry: C:\java\eclipse\plugins\org.apache.commons.commons-codec_1.16.0.jar
2024-08-26 12:25:32,780 [Worker-7: Launching Notes-Vault (1)] INFO  o.eclipse.m2e.core.internal.Bundles - getClasspathEntries(Bundle=org.apache.commons.lang3_3.13.0 [1002])
2024-08-26 12:25:32,781 [Worker-7: Launching Notes-Vault (1)] INFO  o.eclipse.m2e.core.internal.Bundles - 	Entry: C:\java\eclipse\plugins\org.apache.commons.lang3_3.13.0.jar
2024-08-26 12:25:32,781 [Worker-7: Launching Notes-Vault (1)] INFO  o.eclipse.m2e.core.internal.Bundles - getClasspathEntries(Bundle=com.google.guava.failureaccess_1.0.2 [956])
2024-08-26 12:25:32,782 [Worker-7: Launching Notes-Vault (1)] INFO  o.eclipse.m2e.core.internal.Bundles - 	Entry: C:\java\eclipse\plugins\com.google.guava.failureaccess_1.0.2.jar
2024-08-26 12:25:32,784 [Worker-7: Launching Notes-Vault (1)] INFO  o.e.m.i.launch.MavenLaunchDelegate - Run build in "F:\1_Notes_project\Project_26_8_2024\Notes-Vault-main\Backend\Notes-Vault":
2024-08-26 12:25:32,784 [Worker-7: Launching Notes-Vault (1)] INFO  o.e.m.i.launch.MavenLaunchDelegate -  mvn  -B -Dstyle.color=always spring-boot:run
2024-08-26 12:28:01,697 [Worker-17: Launching Notes-Vault (1)] INFO  o.eclipse.m2e.core.internal.Bundles - getClasspathEntries(Bundle=org.eclipse.m2e.maven.runtime_3.9.500.20231113-2345 [1510])
2024-08-26 12:28:01,698 [Worker-17: Launching Notes-Vault (1)] INFO  o.eclipse.m2e.core.internal.Bundles - 	Entry: C:\java\eclipse\plugins\org.eclipse.m2e.maven.runtime_3.9.500.20231113-2345
2024-08-26 12:28:01,699 [Worker-17: Launching Notes-Vault (1)] INFO  o.eclipse.m2e.core.internal.Bundles - 	Entry: C:\java\eclipse\plugins\org.eclipse.m2e.maven.runtime_3.9.500.20231113-2345\jars\aopalliance-1.0.jar
2024-08-26 12:28:01,699 [Worker-17: Launching Notes-Vault (1)] INFO  o.eclipse.m2e.core.internal.Bundles - 	Entry: C:\java\eclipse\plugins\org.eclipse.m2e.maven.runtime_3.9.500.20231113-2345\jars\guice-5.1.0.jar
2024-08-26 12:28:01,699 [Worker-17: Launching Notes-Vault (1)] INFO  o.eclipse.m2e.core.internal.Bundles - 	Entry: C:\java\eclipse\plugins\org.eclipse.m2e.maven.runtime_3.9.500.20231113-2345\jars\httpclient-4.5.14.jar
2024-08-26 12:28:01,700 [Worker-17: Launching Notes-Vault (1)] INFO  o.eclipse.m2e.core.internal.Bundles - 	Entry: C:\java\eclipse\plugins\org.eclipse.m2e.maven.runtime_3.9.500.20231113-2345\jars\httpcore-4.4.16.jar
2024-08-26 12:28:01,700 [Worker-17: Launching Notes-Vault (1)] INFO  o.eclipse.m2e.core.internal.Bundles - 	Entry: C:\java\eclipse\plugins\org.eclipse.m2e.maven.runtime_3.9.500.20231113-2345\jars\jansi-2.4.0.jar
2024-08-26 12:28:01,701 [Worker-17: Launching Notes-Vault (1)] INFO  o.eclipse.m2e.core.internal.Bundles - 	Entry: C:\java\eclipse\plugins\org.eclipse.m2e.maven.runtime_3.9.500.20231113-2345\jars\jcl-over-slf4j-1.7.36.jar
2024-08-26 12:28:01,701 [Worker-17: Launching Notes-Vault (1)] INFO  o.eclipse.m2e.core.internal.Bundles - 	Entry: C:\java\eclipse\plugins\org.eclipse.m2e.maven.runtime_3.9.500.20231113-2345\jars\maven-artifact-3.9.5.jar
2024-08-26 12:28:01,701 [Worker-17: Launching Notes-Vault (1)] INFO  o.eclipse.m2e.core.internal.Bundles - 	Entry: C:\java\eclipse\plugins\org.eclipse.m2e.maven.runtime_3.9.500.20231113-2345\jars\maven-builder-support-3.9.5.jar
2024-08-26 12:28:01,701 [Worker-17: Launching Notes-Vault (1)] INFO  o.eclipse.m2e.core.internal.Bundles - 	Entry: C:\java\eclipse\plugins\org.eclipse.m2e.maven.runtime_3.9.500.20231113-2345\jars\maven-compat-3.9.5.jar
2024-08-26 12:28:01,702 [Worker-17: Launching Notes-Vault (1)] INFO  o.eclipse.m2e.core.internal.Bundles - 	Entry: C:\java\eclipse\plugins\org.eclipse.m2e.maven.runtime_3.9.500.20231113-2345\jars\maven-core-3.9.5.jar
2024-08-26 12:28:01,702 [Worker-17: Launching Notes-Vault (1)] INFO  o.eclipse.m2e.core.internal.Bundles - 	Entry: C:\java\eclipse\plugins\org.eclipse.m2e.maven.runtime_3.9.500.20231113-2345\jars\maven-embedder-3.9.5.jar
2024-08-26 12:28:01,703 [Worker-17: Launching Notes-Vault (1)] INFO  o.eclipse.m2e.core.internal.Bundles - 	Entry: C:\java\eclipse\plugins\org.eclipse.m2e.maven.runtime_3.9.500.20231113-2345\jars\maven-model-3.9.5.jar
2024-08-26 12:28:01,703 [Worker-17: Launching Notes-Vault (1)] INFO  o.eclipse.m2e.core.internal.Bundles - 	Entry: C:\java\eclipse\plugins\org.eclipse.m2e.maven.runtime_3.9.500.20231113-2345\jars\maven-model-builder-3.9.5.jar
2024-08-26 12:28:01,703 [Worker-17: Launching Notes-Vault (1)] INFO  o.eclipse.m2e.core.internal.Bundles - 	Entry: C:\java\eclipse\plugins\org.eclipse.m2e.maven.runtime_3.9.500.20231113-2345\jars\maven-plugin-api-3.9.5.jar
2024-08-26 12:28:01,704 [Worker-17: Launching Notes-Vault (1)] INFO  o.eclipse.m2e.core.internal.Bundles - 	Entry: C:\java\eclipse\plugins\org.eclipse.m2e.maven.runtime_3.9.500.20231113-2345\jars\maven-repository-metadata-3.9.5.jar
2024-08-26 12:28:01,704 [Worker-17: Launching Notes-Vault (1)] INFO  o.eclipse.m2e.core.internal.Bundles - 	Entry: C:\java\eclipse\plugins\org.eclipse.m2e.maven.runtime_3.9.500.20231113-2345\jars\maven-resolver-api-1.9.16.jar
2024-08-26 12:28:01,705 [Worker-17: Launching Notes-Vault (1)] INFO  o.eclipse.m2e.core.internal.Bundles - 	Entry: C:\java\eclipse\plugins\org.eclipse.m2e.maven.runtime_3.9.500.20231113-2345\jars\maven-resolver-connector-basic-1.9.16.jar
2024-08-26 12:28:01,706 [Worker-17: Launching Notes-Vault (1)] INFO  o.eclipse.m2e.core.internal.Bundles - 	Entry: C:\java\eclipse\plugins\org.eclipse.m2e.maven.runtime_3.9.500.20231113-2345\jars\maven-resolver-impl-1.9.16.jar
2024-08-26 12:28:01,706 [Worker-17: Launching Notes-Vault (1)] INFO  o.eclipse.m2e.core.internal.Bundles - 	Entry: C:\java\eclipse\plugins\org.eclipse.m2e.maven.runtime_3.9.500.20231113-2345\jars\maven-resolver-named-locks-1.9.16.jar
2024-08-26 12:28:01,706 [Worker-17: Launching Notes-Vault (1)] INFO  o.eclipse.m2e.core.internal.Bundles - 	Entry: C:\java\eclipse\plugins\org.eclipse.m2e.maven.runtime_3.9.500.20231113-2345\jars\maven-resolver-provider-3.9.5.jar
2024-08-26 12:28:01,707 [Worker-17: Launching Notes-Vault (1)] INFO  o.eclipse.m2e.core.internal.Bundles - 	Entry: C:\java\eclipse\plugins\org.eclipse.m2e.maven.runtime_3.9.500.20231113-2345\jars\maven-resolver-spi-1.9.16.jar
2024-08-26 12:28:01,707 [Worker-17: Launching Notes-Vault (1)] INFO  o.eclipse.m2e.core.internal.Bundles - 	Entry: C:\java\eclipse\plugins\org.eclipse.m2e.maven.runtime_3.9.500.20231113-2345\jars\maven-resolver-transport-file-1.9.16.jar
2024-08-26 12:28:01,708 [Worker-17: Launching Notes-Vault (1)] INFO  o.eclipse.m2e.core.internal.Bundles - 	Entry: C:\java\eclipse\plugins\org.eclipse.m2e.maven.runtime_3.9.500.20231113-2345\jars\maven-resolver-transport-http-1.9.16.jar
2024-08-26 12:28:01,708 [Worker-17: Launching Notes-Vault (1)] INFO  o.eclipse.m2e.core.internal.Bundles - 	Entry: C:\java\eclipse\plugins\org.eclipse.m2e.maven.runtime_3.9.500.20231113-2345\jars\maven-resolver-transport-wagon-1.9.16.jar
2024-08-26 12:28:01,708 [Worker-17: Launching Notes-Vault (1)] INFO  o.eclipse.m2e.core.internal.Bundles - 	Entry: C:\java\eclipse\plugins\org.eclipse.m2e.maven.runtime_3.9.500.20231113-2345\jars\maven-resolver-util-1.9.16.jar
2024-08-26 12:28:01,709 [Worker-17: Launching Notes-Vault (1)] INFO  o.eclipse.m2e.core.internal.Bundles - 	Entry: C:\java\eclipse\plugins\org.eclipse.m2e.maven.runtime_3.9.500.20231113-2345\jars\maven-settings-3.9.5.jar
2024-08-26 12:28:01,710 [Worker-17: Launching Notes-Vault (1)] INFO  o.eclipse.m2e.core.internal.Bundles - 	Entry: C:\java\eclipse\plugins\org.eclipse.m2e.maven.runtime_3.9.500.20231113-2345\jars\maven-settings-builder-3.9.5.jar
2024-08-26 12:28:01,711 [Worker-17: Launching Notes-Vault (1)] INFO  o.eclipse.m2e.core.internal.Bundles - 	Entry: C:\java\eclipse\plugins\org.eclipse.m2e.maven.runtime_3.9.500.20231113-2345\jars\maven-shared-utils-3.3.4.jar
2024-08-26 12:28:01,712 [Worker-17: Launching Notes-Vault (1)] INFO  o.eclipse.m2e.core.internal.Bundles - 	Entry: C:\java\eclipse\plugins\org.eclipse.m2e.maven.runtime_3.9.500.20231113-2345\jars\org.eclipse.sisu.inject-0.3.5.jar
2024-08-26 12:28:01,712 [Worker-17: Launching Notes-Vault (1)] INFO  o.eclipse.m2e.core.internal.Bundles - 	Entry: C:\java\eclipse\plugins\org.eclipse.m2e.maven.runtime_3.9.500.20231113-2345\jars\org.eclipse.sisu.plexus-0.3.5.jar
2024-08-26 12:28:01,712 [Worker-17: Launching Notes-Vault (1)] INFO  o.eclipse.m2e.core.internal.Bundles - 	Entry: C:\java\eclipse\plugins\org.eclipse.m2e.maven.runtime_3.9.500.20231113-2345\jars\plexus-build-api-0.0.7.jar
2024-08-26 12:28:01,713 [Worker-17: Launching Notes-Vault (1)] INFO  o.eclipse.m2e.core.internal.Bundles - 	Entry: C:\java\eclipse\plugins\org.eclipse.m2e.maven.runtime_3.9.500.20231113-2345\jars\plexus-cipher-2.0.jar
2024-08-26 12:28:01,713 [Worker-17: Launching Notes-Vault (1)] INFO  o.eclipse.m2e.core.internal.Bundles - 	Entry: C:\java\eclipse\plugins\org.eclipse.m2e.maven.runtime_3.9.500.20231113-2345\jars\plexus-classworlds-2.7.0.jar
2024-08-26 12:28:01,714 [Worker-17: Launching Notes-Vault (1)] INFO  o.eclipse.m2e.core.internal.Bundles - 	Entry: C:\java\eclipse\plugins\org.eclipse.m2e.maven.runtime_3.9.500.20231113-2345\jars\plexus-component-annotations-2.1.0.jar
2024-08-26 12:28:01,714 [Worker-17: Launching Notes-Vault (1)] INFO  o.eclipse.m2e.core.internal.Bundles - 	Entry: C:\java\eclipse\plugins\org.eclipse.m2e.maven.runtime_3.9.500.20231113-2345\jars\plexus-interpolation-1.26.jar
2024-08-26 12:28:01,714 [Worker-17: Launching Notes-Vault (1)] INFO  o.eclipse.m2e.core.internal.Bundles - 	Entry: C:\java\eclipse\plugins\org.eclipse.m2e.maven.runtime_3.9.500.20231113-2345\jars\plexus-sec-dispatcher-2.0.jar
2024-08-26 12:28:01,714 [Worker-17: Launching Notes-Vault (1)] INFO  o.eclipse.m2e.core.internal.Bundles - 	Entry: C:\java\eclipse\plugins\org.eclipse.m2e.maven.runtime_3.9.500.20231113-2345\jars\plexus-utils-3.5.1.jar
2024-08-26 12:28:01,715 [Worker-17: Launching Notes-Vault (1)] INFO  o.eclipse.m2e.core.internal.Bundles - 	Entry: C:\java\eclipse\plugins\org.eclipse.m2e.maven.runtime_3.9.500.20231113-2345\jars\wagon-file-3.5.3.jar
2024-08-26 12:28:01,715 [Worker-17: Launching Notes-Vault (1)] INFO  o.eclipse.m2e.core.internal.Bundles - 	Entry: C:\java\eclipse\plugins\org.eclipse.m2e.maven.runtime_3.9.500.20231113-2345\jars\wagon-http-3.5.3.jar
2024-08-26 12:28:01,716 [Worker-17: Launching Notes-Vault (1)] INFO  o.eclipse.m2e.core.internal.Bundles - 	Entry: C:\java\eclipse\plugins\org.eclipse.m2e.maven.runtime_3.9.500.20231113-2345\jars\wagon-http-shared-3.5.3.jar
2024-08-26 12:28:01,716 [Worker-17: Launching Notes-Vault (1)] INFO  o.eclipse.m2e.core.internal.Bundles - 	Entry: C:\java\eclipse\plugins\org.eclipse.m2e.maven.runtime_3.9.500.20231113-2345\jars\wagon-provider-api-3.5.3.jar
2024-08-26 12:28:01,716 [Worker-17: Launching Notes-Vault (1)] INFO  o.eclipse.m2e.core.internal.Bundles - getClasspathEntries(Bundle=com.google.guava_32.1.3.jre [955])
2024-08-26 12:28:01,717 [Worker-17: Launching Notes-Vault (1)] INFO  o.eclipse.m2e.core.internal.Bundles - 	Entry: C:\java\eclipse\plugins\com.google.guava_32.1.3.jre.jar
2024-08-26 12:28:01,717 [Worker-17: Launching Notes-Vault (1)] INFO  o.eclipse.m2e.core.internal.Bundles - getClasspathEntries(Bundle=slf4j.api_2.0.9 [1825])
2024-08-26 12:28:01,718 [Worker-17: Launching Notes-Vault (1)] INFO  o.eclipse.m2e.core.internal.Bundles - 	Entry: C:\java\eclipse\plugins\slf4j.api_2.0.9.jar
2024-08-26 12:28:01,718 [Worker-17: Launching Notes-Vault (1)] INFO  o.eclipse.m2e.core.internal.Bundles - getClasspathEntries(Bundle=jakarta.inject.jakarta.inject-api_1.0.5 [968])
2024-08-26 12:28:01,718 [Worker-17: Launching Notes-Vault (1)] INFO  o.eclipse.m2e.core.internal.Bundles - 	Entry: C:\java\eclipse\plugins\jakarta.inject.jakarta.inject-api_1.0.5.jar
2024-08-26 12:28:01,719 [Worker-17: Launching Notes-Vault (1)] INFO  o.eclipse.m2e.core.internal.Bundles - getClasspathEntries(Bundle=jakarta.annotation-api_1.3.5 [965])
2024-08-26 12:28:01,719 [Worker-17: Launching Notes-Vault (1)] INFO  o.eclipse.m2e.core.internal.Bundles - 	Entry: C:\java\eclipse\plugins\jakarta.annotation-api_1.3.5.jar
2024-08-26 12:28:01,719 [Worker-17: Launching Notes-Vault (1)] INFO  o.eclipse.m2e.core.internal.Bundles - getClasspathEntries(Bundle=org.apache.commons.cli_1.6.0 [995])
2024-08-26 12:28:01,720 [Worker-17: Launching Notes-Vault (1)] INFO  o.eclipse.m2e.core.internal.Bundles - 	Entry: C:\java\eclipse\plugins\org.apache.commons.cli_1.6.0.jar
2024-08-26 12:28:01,720 [Worker-17: Launching Notes-Vault (1)] INFO  o.eclipse.m2e.core.internal.Bundles - getClasspathEntries(Bundle=org.apache.commons.commons-codec_1.16.0 [998])
2024-08-26 12:28:01,721 [Worker-17: Launching Notes-Vault (1)] INFO  o.eclipse.m2e.core.internal.Bundles - 	Entry: C:\java\eclipse\plugins\org.apache.commons.commons-codec_1.16.0.jar
2024-08-26 12:28:01,721 [Worker-17: Launching Notes-Vault (1)] INFO  o.eclipse.m2e.core.internal.Bundles - getClasspathEntries(Bundle=org.apache.commons.lang3_3.13.0 [1002])
2024-08-26 12:28:01,721 [Worker-17: Launching Notes-Vault (1)] INFO  o.eclipse.m2e.core.internal.Bundles - 	Entry: C:\java\eclipse\plugins\org.apache.commons.lang3_3.13.0.jar
2024-08-26 12:28:01,721 [Worker-17: Launching Notes-Vault (1)] INFO  o.eclipse.m2e.core.internal.Bundles - getClasspathEntries(Bundle=com.google.guava.failureaccess_1.0.2 [956])
2024-08-26 12:28:01,721 [Worker-17: Launching Notes-Vault (1)] INFO  o.eclipse.m2e.core.internal.Bundles - 	Entry: C:\java\eclipse\plugins\com.google.guava.failureaccess_1.0.2.jar
2024-08-26 12:28:01,722 [Worker-17: Launching Notes-Vault (1)] INFO  o.e.m.i.launch.MavenLaunchDelegate - Run build in "F:\1_Notes_project\Project_26_8_2024\Notes-Vault-main\Backend\Notes-Vault":
2024-08-26 12:28:01,723 [Worker-17: Launching Notes-Vault (1)] INFO  o.e.m.i.launch.MavenLaunchDelegate -  mvn  -B -Dstyle.color=always spring-boot:run
2024-08-26 12:28:01,817 [Worker-19: Building] INFO  o.a.m.s.f.DefaultMavenResourcesFiltering - Copying 1 resource from src\main\resources to target\classes
2024-08-26 12:28:01,824 [Worker-19: Building] INFO  o.a.m.s.f.DefaultMavenResourcesFiltering - Copying 0 resource from src\main\resources to target\classes
2024-08-26 12:28:01,831 [Worker-19: Building] INFO  o.a.m.s.f.DefaultMavenResourcesFiltering - Copying 0 resource from src\test\resources to target\test-classes
